c:\users\lenovo\desktop\cw2\x64\debug\vc143.pdb
c:\users\lenovo\desktop\cw2\x64\debug\vc143.idb
c:\users\lenovo\desktop\cw2\x64\debug\shader.obj
c:\users\lenovo\desktop\cw2\x64\debug\main.obj
c:\users\lenovo\desktop\cw2\x64\debug\cwindow.obj
c:\users\lenovo\desktop\cw2\x64\debug\cspeed.obj
c:\users\lenovo\desktop\cw2\x64\debug\camera.obj
c:\users\lenovo\desktop\cw2\x64\debug\cw2.ilk
c:\users\lenovo\desktop\cw2\x64\debug\cw2.exe
c:\users\lenovo\desktop\cw2\x64\debug\cw2.pdb
c:\users\lenovo\desktop\cw2\x64\debug\cw2.res
c:\users\lenovo\desktop\cw2\x64\debug\cw2.tlog\cl.command.1.tlog
c:\users\lenovo\desktop\cw2\x64\debug\cw2.tlog\cl.items.tlog
c:\users\lenovo\desktop\cw2\x64\debug\cw2.tlog\cl.read.1.tlog
c:\users\lenovo\desktop\cw2\x64\debug\cw2.tlog\cl.write.1.tlog
c:\users\lenovo\desktop\cw2\x64\debug\cw2.tlog\link.command.1.tlog
c:\users\lenovo\desktop\cw2\x64\debug\cw2.tlog\link.read.1.tlog
c:\users\lenovo\desktop\cw2\x64\debug\cw2.tlog\link.write.1.tlog
c:\users\lenovo\desktop\cw2\x64\debug\cw2.tlog\rc.command.1.tlog
c:\users\lenovo\desktop\cw2\x64\debug\cw2.tlog\rc.read.1.tlog
c:\users\lenovo\desktop\cw2\x64\debug\cw2.tlog\rc.write.1.tlog
